<?xml version="1.0" encoding="UTF-8"?>
<!-- Generated by org.testng.reporters.JUnitXMLReporter -->
<testsuite ignored="0" hostname="mukta" failures="0" tests="6" name="EdgeTest" time="22.707" errors="0" timestamp="2023-04-01T23:14:33 IST">
  <testcase classname="LivingLiquidztestNg.VerifySearchbox" name="@BeforeTest openBrowser" time="12.545">
    <failure type="org.openqa.selenium.NoSuchWindowException" message="no such window: target window already closed
from unknown error: web view not found
  (Session info: MicrosoftEdge=111.0.1661.54)
Build info: version: &amp;apos;3.141.59&amp;apos;, revision: &amp;apos;e82be7d358&amp;apos;, time: &amp;apos;2018-11-14T08:17:03&amp;apos;
System info: host: &amp;apos;MUKTA&amp;apos;, ip: &amp;apos;192.168.1.2&amp;apos;, os.name: &amp;apos;Windows 11&amp;apos;, os.arch: &amp;apos;amd64&amp;apos;, os.version: &amp;apos;10.0&amp;apos;, java.version: &amp;apos;17.0.5&amp;apos;
Driver info: org.openqa.selenium.edge.EdgeDriver
Capabilities {acceptInsecureCerts: false, browserName: msedge, browserVersion: 111.0.1661.54, javascriptEnabled: true, ms:edgeOptions: {debuggerAddress: localhost:51734}, msedge: {msedgedriverVersion: 111.0.1661.51 (5b30e0e79e57..., userDataDir: C:\Users\MUKTA\AppData\Loca...}, networkConnectionEnabled: false, pageLoadStrategy: normal, platform: WINDOWS, platformName: WINDOWS, proxy: Proxy(), setWindowRect: true, strictFileInteractability: false, timeouts: {implicit: 0, pageLoad: 300000, script: 30000}, unhandledPromptBehavior: dismiss and notify, webauthn:extension:credBlob: true, webauthn:extension:largeBlob: true, webauthn:extension:minPinLength: true, webauthn:extension:prf: true, webauthn:virtualAuthenticators: true}
Session ID: 2f0a142368d2ca002df0b4e174097b66">
      <![CDATA[org.openqa.selenium.NoSuchWindowException: no such window: target window already closed
from unknown error: web view not found
  (Session info: MicrosoftEdge=111.0.1661.54)
Build info: version: '3.141.59', revision: 'e82be7d358', time: '2018-11-14T08:17:03'
System info: host: 'MUKTA', ip: '192.168.1.2', os.name: 'Windows 11', os.arch: 'amd64', os.version: '10.0', java.version: '17.0.5'
Driver info: org.openqa.selenium.edge.EdgeDriver
Capabilities {acceptInsecureCerts: false, browserName: msedge, browserVersion: 111.0.1661.54, javascriptEnabled: true, ms:edgeOptions: {debuggerAddress: localhost:51734}, msedge: {msedgedriverVersion: 111.0.1661.51 (5b30e0e79e57..., userDataDir: C:\Users\MUKTA\AppData\Loca...}, networkConnectionEnabled: false, pageLoadStrategy: normal, platform: WINDOWS, platformName: WINDOWS, proxy: Proxy(), setWindowRect: true, strictFileInteractability: false, timeouts: {implicit: 0, pageLoad: 300000, script: 30000}, unhandledPromptBehavior: dismiss and notify, webauthn:extension:credBlob: true, webauthn:extension:largeBlob: true, webauthn:extension:minPinLength: true, webauthn:extension:prf: true, webauthn:virtualAuthenticators: true}
Session ID: 2f0a142368d2ca002df0b4e174097b66
at org.openqa.selenium.remote.http.W3CHttpResponseCodec.createException(W3CHttpResponseCodec.java:187)
at org.openqa.selenium.remote.http.W3CHttpResponseCodec.decode(W3CHttpResponseCodec.java:122)
at org.openqa.selenium.remote.http.W3CHttpResponseCodec.decode(W3CHttpResponseCodec.java:49)
at org.openqa.selenium.remote.HttpCommandExecutor.execute(HttpCommandExecutor.java:158)
at org.openqa.selenium.remote.service.DriverCommandExecutor.execute(DriverCommandExecutor.java:83)
at org.openqa.selenium.remote.RemoteWebDriver.execute(RemoteWebDriver.java:552)
at org.openqa.selenium.remote.RemoteWebDriver.execute(RemoteWebDriver.java:609)
at org.openqa.selenium.remote.RemoteWebDriver$RemoteWebDriverOptions$RemoteWindow.maximize(RemoteWebDriver.java:837)
at LivingLiquidztestNg.VerifySearchbox.openBrowser(VerifySearchbox.java:42)
at java.base/java.util.concurrent.FutureTask.run(FutureTask.java:264)
at java.base/java.util.concurrent.ThreadPoolExecutor.runWorker(ThreadPoolExecutor.java:1136)
at java.base/java.util.concurrent.ThreadPoolExecutor$Worker.run(ThreadPoolExecutor.java:635)
at java.base/java.lang.Thread.run(Thread.java:833)
... Removed 20 stack frames]]>
    </failure>
  </testcase> <!-- @BeforeTest openBrowser -->
  <testcase classname="LivingLiquidztestNg.VerifySignIn" name="@BeforeTest openBrowser" time="-1.68037107304E9">
    <skipped/>
  </testcase> <!-- @BeforeTest openBrowser -->
  <testcase classname="LivingLiquidztestNg.VerifySignIn" name="@BeforeClass pomPageLaunch" time="-1.68037107305E9">
    <skipped/>
  </testcase> <!-- @BeforeClass pomPageLaunch -->
  <testcase classname="LivingLiquidztestNg.VerifyHomepageWebelements" name="@BeforeClass pomPageLaunch" time="-1.68037107305E9">
    <skipped/>
  </testcase> <!-- @BeforeClass pomPageLaunch -->
  <testcase classname="LivingLiquidztestNg.VerifySignIn" name="@BeforeMethod signInapp" time="-1.680371073054E9">
    <skipped/>
  </testcase> <!-- @BeforeMethod signInapp -->
  <testcase classname="LivingLiquidztestNg.VerifyHomepageWebelements" name="@AfterMethod captureScreenshotinFailure" time="-1.680371073067E9">
    <skipped/>
  </testcase> <!-- @AfterMethod captureScreenshotinFailure -->
  <testcase classname="LivingLiquidztestNg.VerifySignIn" name="@AfterMethod backTomainPage" time="-1.680371073068E9">
    <skipped/>
  </testcase> <!-- @AfterMethod backTomainPage -->
  <testcase classname="LivingLiquidztestNg.VerifySignIn" name="@BeforeMethod signInapp" time="-1.680371073069E9">
    <skipped/>
  </testcase> <!-- @BeforeMethod signInapp -->
  <testcase classname="LivingLiquidztestNg.VerifySignIn" name="@AfterMethod backTomainPage" time="-1.680371073082E9">
    <skipped/>
  </testcase> <!-- @AfterMethod backTomainPage -->
  <testcase classname="LivingLiquidztestNg.VerifySignIn" name="@AfterClass objectClear" time="-1.680371073085E9">
    <skipped/>
  </testcase> <!-- @AfterClass objectClear -->
  <testcase classname="LivingLiquidztestNg.VerifyHomepageWebelements" name="@AfterMethod captureScreenshotinFailure" time="-1.680371073085E9">
    <skipped/>
  </testcase> <!-- @AfterMethod captureScreenshotinFailure -->
  <testcase classname="LivingLiquidztestNg.VerifySearchbox" name="@BeforeClass pomPageLaunch" time="-1.680371073086E9">
    <skipped/>
  </testcase> <!-- @BeforeClass pomPageLaunch -->
  <testcase classname="LivingLiquidztestNg.VerifySearchbox" name="@AfterMethod captureScreenshotinFailure" time="-1.68037107309E9">
    <skipped/>
  </testcase> <!-- @AfterMethod captureScreenshotinFailure -->
  <testcase classname="LivingLiquidztestNg.VerifyHomepageWebelements" name="@AfterMethod captureScreenshotinFailure" time="-1.680371073093E9">
    <skipped/>
  </testcase> <!-- @AfterMethod captureScreenshotinFailure -->
  <testcase classname="LivingLiquidztestNg.VerifySearchbox" name="@AfterClass objectClear" time="-1.680371073097E9">
    <skipped/>
  </testcase> <!-- @AfterClass objectClear -->
  <testcase classname="LivingLiquidztestNg.VerifyHomepageWebelements" name="@AfterClass objectClear" time="-1.680371073097E9">
    <skipped/>
  </testcase> <!-- @AfterClass objectClear -->
  <testcase classname="LivingLiquidztestNg.VerifyHomepageWebelements" name="@AfterTest closeBrowser" time="-1.680371073099E9">
    <skipped/>
  </testcase> <!-- @AfterTest closeBrowser -->
  <testcase classname="LivingLiquidztestNg.VerifySearchbox" name="@AfterTest closeBrowser" time="-1.680371073099E9">
    <skipped/>
  </testcase> <!-- @AfterTest closeBrowser -->
  <testcase classname="LivingLiquidztestNg.VerifySignIn" name="@AfterTest closeBrowser" time="-1.6803710731E9">
    <skipped/>
  </testcase> <!-- @AfterTest closeBrowser -->
  <testcase classname="LivingLiquidztestNg.VerifyHomepageWebelements" name="VerifySignIntext" time="0.0">
    <skipped/>
  </testcase> <!-- VerifySignIntext -->
  <testcase classname="LivingLiquidztestNg.VerifySignIn" name="verifySignInTitlePage" time="0.0">
    <skipped/>
  </testcase> <!-- verifySignInTitlePage -->
  <testcase classname="LivingLiquidztestNg.VerifySignIn" name="verifySigninError" time="0.0">
    <skipped/>
  </testcase> <!-- verifySigninError -->
  <testcase classname="LivingLiquidztestNg.VerifyHomepageWebelements" name="verifyGiftingtext" time="0.0">
    <skipped/>
  </testcase> <!-- verifyGiftingtext -->
  <testcase classname="LivingLiquidztestNg.VerifySearchbox" name="verifySearch" time="0.0">
    <skipped/>
  </testcase> <!-- verifySearch -->
  <testcase classname="LivingLiquidztestNg.VerifyHomepageWebelements" name="verifyStoreLocatortext" time="0.0">
    <skipped/>
  </testcase> <!-- verifyStoreLocatortext -->
</testsuite> <!-- EdgeTest -->
